# JRE version: OpenJDK Runtime Environment (17.0.6) (build 17.0.6+0-b2043.56-9586694)
# Java VM: OpenJDK 64-Bit Server VM (17.0.6+0-b2043.56-9586694, mixed mode, tiered, compressed oops, compressed class ptrs, g1 gc, windows-amd64)
GC Precious Log:
 CPUs: 8 total, 8 available
 Memory: 6091M
 Large Page Support: Disabled
 NUMA Support: Disabled
 Compressed Oops: Enabled (32-bit)
 Heap Region Size: 1M
 Heap Min Capacity: 8M
 Heap Initial Capacity: 96M
 Heap Max Capacity: 2G
 Pre-touch: Disabled
 Parallel Workers: 8
 Concurrent Workers: 2
 Concurrent Refinement Workers: 8
 Periodic GC: Disabled
Heap:
 garbage-first heap   total 119808K, used 61119K [0x0000000080000000, 0x0000000100000000)
  region size 1024K, 3 young (3072K), 3 survivors (3072K)
 Metaspace       used 67058K, committed 67584K, reserved 1114112K
  class space    used 8791K, committed 9024K, reserved 1048576K
GC Heap History (20 events):
Event: 23.322 GC heap after
{Heap after GC invocations=23 (full 0):
 garbage-first heap   total 73728K, used 42622K [0x0000000080000000, 0x0000000100000000)
  region size 1024K, 2 young (2048K), 2 survivors (2048K)
 Metaspace       used 52096K, committed 52608K, reserved 1097728K
  class space    used 6878K, committed 7104K, reserved 1048576K
}
Event: 23.600 GC heap before
{Heap before GC invocations=24 (full 0):
 garbage-first heap   total 76800K, used 44670K [0x0000000080000000, 0x0000000100000000)
  region size 1024K, 5 young (5120K), 2 survivors (2048K)
 Metaspace       used 52106K, committed 52608K, reserved 1097728K
  class space    used 6878K, committed 7104K, reserved 1048576K
}
Event: 23.603 GC heap after
{Heap after GC invocations=25 (full 0):
 garbage-first heap   total 76800K, used 45673K [0x0000000080000000, 0x0000000100000000)
  region size 1024K, 2 young (2048K), 2 survivors (2048K)
 Metaspace       used 52106K, committed 52608K, reserved 1097728K
  class space    used 6878K, committed 7104K, reserved 1048576K
}
Event: 23.980 GC heap before
{Heap before GC invocations=26 (full 0):
 garbage-first heap   total 91136K, used 58985K [0x0000000080000000, 0x0000000100000000)
  region size 1024K, 11 young (11264K), 2 survivors (2048K)
 Metaspace       used 52836K, committed 53312K, reserved 1097728K
  class space    used 6970K, committed 7168K, reserved 1048576K
}
Event: 23.983 GC heap after
{Heap after GC invocations=27 (full 0):
 garbage-first heap   total 91136K, used 53360K [0x0000000080000000, 0x0000000100000000)
  region size 1024K, 2 young (2048K), 2 survivors (2048K)
 Metaspace       used 52836K, committed 53312K, reserved 1097728K
  class space    used 6970K, committed 7168K, reserved 1048576K
}
Event: 24.307 GC heap before
{Heap before GC invocations=27 (full 0):
 garbage-first heap   total 91136K, used 64624K [0x0000000080000000, 0x0000000100000000)
  region size 1024K, 13 young (13312K), 2 survivors (2048K)
 Metaspace       used 54265K, committed 54656K, reserved 1097728K
  class space    used 7178K, committed 7360K, reserved 1048576K
}
Event: 24.311 GC heap after
{Heap after GC invocations=28 (full 0):
 garbage-first heap   total 91136K, used 53517K [0x0000000080000000, 0x0000000100000000)
  region size 1024K, 1 young (1024K), 1 survivors (1024K)
 Metaspace       used 54265K, committed 54656K, reserved 1097728K
  class space    used 7178K, committed 7360K, reserved 1048576K
}
Event: 24.741 GC heap before
{Heap before GC invocations=29 (full 0):
 garbage-first heap   total 94208K, used 65805K [0x0000000080000000, 0x0000000100000000)
  region size 1024K, 13 young (13312K), 1 survivors (1024K)
 Metaspace       used 56211K, committed 56640K, reserved 1105920K
  class space    used 7422K, committed 7616K, reserved 1048576K
}
Event: 24.744 GC heap after
{Heap after GC invocations=30 (full 0):
 garbage-first heap   total 94208K, used 54012K [0x0000000080000000, 0x0000000100000000)
  region size 1024K, 1 young (1024K), 1 survivors (1024K)
 Metaspace       used 56211K, committed 56640K, reserved 1105920K
  class space    used 7422K, committed 7616K, reserved 1048576K
}
Event: 24.834 GC heap before
{Heap before GC invocations=30 (full 0):
 garbage-first heap   total 94208K, used 57084K [0x0000000080000000, 0x0000000100000000)
  region size 1024K, 4 young (4096K), 1 survivors (1024K)
 Metaspace       used 56772K, committed 57216K, reserved 1105920K
  class space    used 7488K, committed 7680K, reserved 1048576K
}
Event: 24.839 GC heap after
{Heap after GC invocations=31 (full 0):
 garbage-first heap   total 94208K, used 53641K [0x0000000080000000, 0x0000000100000000)
  region size 1024K, 1 young (1024K), 1 survivors (1024K)
 Metaspace       used 56772K, committed 57216K, reserved 1105920K
  class space    used 7488K, committed 7680K, reserved 1048576K
}
Event: 25.456 GC heap before
{Heap before GC invocations=31 (full 0):
 garbage-first heap   total 94208K, used 69001K [0x0000000080000000, 0x0000000100000000)
  region size 1024K, 16 young (16384K), 1 survivors (1024K)
 Metaspace       used 59451K, committed 59904K, reserved 1105920K
  class space    used 7788K, committed 8000K, reserved 1048576K
}
Event: 25.459 GC heap after
{Heap after GC invocations=32 (full 0):
 garbage-first heap   total 94208K, used 54340K [0x0000000080000000, 0x0000000100000000)
  region size 1024K, 2 young (2048K), 2 survivors (2048K)
 Metaspace       used 59451K, committed 59904K, reserved 1105920K
  class space    used 7788K, committed 8000K, reserved 1048576K
}
Event: 26.106 GC heap before
{Heap before GC invocations=33 (full 0):
 garbage-first heap   total 96256K, used 70724K [0x0000000080000000, 0x0000000100000000)
  region size 1024K, 18 young (18432K), 2 survivors (2048K)
 Metaspace       used 62345K, committed 62912K, reserved 1105920K
  class space    used 8219K, committed 8448K, reserved 1048576K
}
Event: 26.111 GC heap after
{Heap after GC invocations=34 (full 0):
 garbage-first heap   total 96256K, used 55286K [0x0000000080000000, 0x0000000100000000)
  region size 1024K, 3 young (3072K), 3 survivors (3072K)
 Metaspace       used 62345K, committed 62912K, reserved 1105920K
  class space    used 8219K, committed 8448K, reserved 1048576K
}
Event: 26.368 GC heap before
{Heap before GC invocations=34 (full 0):
 garbage-first heap   total 96256K, used 61430K [0x0000000080000000, 0x0000000100000000)
  region size 1024K, 10 young (10240K), 3 survivors (3072K)
 Metaspace       used 63950K, committed 64512K, reserved 1105920K
  class space    used 8407K, committed 8640K, reserved 1048576K
}
Event: 26.372 GC heap after
{Heap after GC invocations=35 (full 0):
 garbage-first heap   total 96256K, used 56571K [0x0000000080000000, 0x0000000100000000)
  region size 1024K, 3 young (3072K), 3 survivors (3072K)
 Metaspace       used 63950K, committed 64512K, reserved 1105920K
  class space    used 8407K, committed 8640K, reserved 1048576K
}
Event: 26.668 GC heap before
{Heap before GC invocations=36 (full 0):
 garbage-first heap   total 119808K, used 80123K [0x0000000080000000, 0x0000000100000000)
  region size 1024K, 20 young (20480K), 3 survivors (3072K)
 Metaspace       used 64719K, committed 65280K, reserved 1105920K
  class space    used 8515K, committed 8768K, reserved 1048576K
}
Event: 26.673 GC heap after
{Heap after GC invocations=37 (full 0):
 garbage-first heap   total 119808K, used 58438K [0x0000000080000000, 0x0000000100000000)
  region size 1024K, 3 young (3072K), 3 survivors (3072K)
 Metaspace       used 64719K, committed 65280K, reserved 1105920K
  class space    used 8515K, committed 8768K, reserved 1048576K
}
Event: 27.315 GC heap before
{Heap before GC invocations=37 (full 0):
 garbage-first heap   total 119808K, used 87110K [0x0000000080000000, 0x0000000100000000)
  region size 1024K, 31 young (31744K), 3 survivors (3072K)
 Metaspace       used 67058K, committed 67584K, reserved 1114112K
  class space    used 8791K, committed 9024K, reserved 1048576K
}

