# JRE version: OpenJDK Runtime Environment (17.0.6) (build 17.0.6+0-b2043.56-9586694)
# Java VM: OpenJDK 64-Bit Server VM (17.0.6+0-b2043.56-9586694, mixed mode, tiered, compressed oops, compressed class ptrs, g1 gc, windows-amd64)
GC Precious Log:
 CPUs: 8 total, 8 available
 Memory: 6091M
 Large Page Support: Disabled
 NUMA Support: Disabled
 Compressed Oops: Enabled (32-bit)
 Heap Region Size: 1M
 Heap Min Capacity: 8M
 Heap Initial Capacity: 96M
 Heap Max Capacity: 2G
 Pre-touch: Disabled
 Parallel Workers: 8
 Concurrent Workers: 2
 Concurrent Refinement Workers: 8
 Periodic GC: Disabled
Heap:
 garbage-first heap   total 253952K, used 153448K [0x0000000080000000, 0x0000000100000000)
  region size 1024K, 86 young (88064K), 16 survivors (16384K)
 Metaspace       used 96191K, committed 96832K, reserved 1138688K
  class space    used 13018K, committed 13312K, reserved 1048576K
GC Heap History (20 events):
Event: 11.943 GC heap before
{Heap before GC invocations=23 (full 0):
 garbage-first heap   total 97280K, used 58560K [0x0000000080000000, 0x0000000100000000)
  region size 1024K, 4 young (4096K), 1 survivors (1024K)
 Metaspace       used 58294K, committed 58752K, reserved 1105920K
  class space    used 7678K, committed 7872K, reserved 1048576K
}
Event: 11.945 GC heap after
{Heap after GC invocations=24 (full 0):
 garbage-first heap   total 97280K, used 55114K [0x0000000080000000, 0x0000000100000000)
  region size 1024K, 1 young (1024K), 1 survivors (1024K)
 Metaspace       used 58294K, committed 58752K, reserved 1105920K
  class space    used 7678K, committed 7872K, reserved 1048576K
}
Event: 12.518 GC heap before
{Heap before GC invocations=24 (full 0):
 garbage-first heap   total 97280K, used 74570K [0x0000000080000000, 0x0000000100000000)
  region size 1024K, 20 young (20480K), 1 survivors (1024K)
 Metaspace       used 61776K, committed 62336K, reserved 1105920K
  class space    used 8140K, committed 8384K, reserved 1048576K
}
Event: 12.522 GC heap after
{Heap after GC invocations=25 (full 0):
 garbage-first heap   total 97280K, used 56336K [0x0000000080000000, 0x0000000100000000)
  region size 1024K, 2 young (2048K), 2 survivors (2048K)
 Metaspace       used 61776K, committed 62336K, reserved 1105920K
  class space    used 8140K, committed 8384K, reserved 1048576K
}
Event: 12.943 GC heap before
{Heap before GC invocations=26 (full 0):
 garbage-first heap   total 101376K, used 79888K [0x0000000080000000, 0x0000000100000000)
  region size 1024K, 21 young (21504K), 2 survivors (2048K)
 Metaspace       used 63863K, committed 64384K, reserved 1105920K
  class space    used 8401K, committed 8640K, reserved 1048576K
}
Event: 12.949 GC heap after
{Heap after GC invocations=27 (full 0):
 garbage-first heap   total 121856K, used 63460K [0x0000000080000000, 0x0000000100000000)
  region size 1024K, 3 young (3072K), 3 survivors (3072K)
 Metaspace       used 63863K, committed 64384K, reserved 1105920K
  class space    used 8401K, committed 8640K, reserved 1048576K
}
Event: 12.959 GC heap before
{Heap before GC invocations=27 (full 0):
 garbage-first heap   total 121856K, used 67556K [0x0000000080000000, 0x0000000100000000)
  region size 1024K, 5 young (5120K), 3 survivors (3072K)
 Metaspace       used 63875K, committed 64448K, reserved 1105920K
  class space    used 8403K, committed 8640K, reserved 1048576K
}
Event: 12.963 GC heap after
{Heap after GC invocations=28 (full 0):
 garbage-first heap   total 121856K, used 64917K [0x0000000080000000, 0x0000000100000000)
  region size 1024K, 1 young (1024K), 1 survivors (1024K)
 Metaspace       used 63875K, committed 64448K, reserved 1105920K
  class space    used 8403K, committed 8640K, reserved 1048576K
}
Event: 13.492 GC heap before
{Heap before GC invocations=28 (full 0):
 garbage-first heap   total 121856K, used 92565K [0x0000000080000000, 0x0000000100000000)
  region size 1024K, 28 young (28672K), 1 survivors (1024K)
 Metaspace       used 66549K, committed 67072K, reserved 1114112K
  class space    used 8735K, committed 8960K, reserved 1048576K
}
Event: 13.495 GC heap after
{Heap after GC invocations=29 (full 0):
 garbage-first heap   total 121856K, used 66319K [0x0000000080000000, 0x0000000100000000)
  region size 1024K, 3 young (3072K), 3 survivors (3072K)
 Metaspace       used 66549K, committed 67072K, reserved 1114112K
  class space    used 8735K, committed 8960K, reserved 1048576K
}
Event: 14.042 GC heap before
{Heap before GC invocations=30 (full 0):
 garbage-first heap   total 121856K, used 91919K [0x0000000080000000, 0x0000000100000000)
  region size 1024K, 30 young (30720K), 3 survivors (3072K)
 Metaspace       used 69375K, committed 69888K, reserved 1114112K
  class space    used 9095K, committed 9344K, reserved 1048576K
}
Event: 14.047 GC heap after
{Heap after GC invocations=31 (full 0):
 garbage-first heap   total 121856K, used 64235K [0x0000000080000000, 0x0000000100000000)
  region size 1024K, 4 young (4096K), 4 survivors (4096K)
 Metaspace       used 69375K, committed 69888K, reserved 1114112K
  class space    used 9095K, committed 9344K, reserved 1048576K
}
Event: 14.057 GC heap before
{Heap before GC invocations=31 (full 0):
 garbage-first heap   total 121856K, used 65259K [0x0000000080000000, 0x0000000100000000)
  region size 1024K, 5 young (5120K), 4 survivors (4096K)
 Metaspace       used 69375K, committed 69888K, reserved 1114112K
  class space    used 9095K, committed 9344K, reserved 1048576K
}
Event: 14.061 GC heap after
{Heap after GC invocations=32 (full 0):
 garbage-first heap   total 121856K, used 64247K [0x0000000080000000, 0x0000000100000000)
  region size 1024K, 1 young (1024K), 1 survivors (1024K)
 Metaspace       used 69375K, committed 69888K, reserved 1114112K
  class space    used 9095K, committed 9344K, reserved 1048576K
}
Event: 14.716 GC heap before
{Heap before GC invocations=32 (full 0):
 garbage-first heap   total 121856K, used 93943K [0x0000000080000000, 0x0000000100000000)
  region size 1024K, 30 young (30720K), 1 survivors (1024K)
 Metaspace       used 71938K, committed 72512K, reserved 1114112K
  class space    used 9452K, committed 9728K, reserved 1048576K
}
Event: 14.721 GC heap after
{Heap after GC invocations=33 (full 0):
 garbage-first heap   total 253952K, used 66146K [0x0000000080000000, 0x0000000100000000)
  region size 1024K, 3 young (3072K), 3 survivors (3072K)
 Metaspace       used 71938K, committed 72512K, reserved 1114112K
  class space    used 9452K, committed 9728K, reserved 1048576K
}
Event: 17.035 GC heap before
{Heap before GC invocations=33 (full 0):
 garbage-first heap   total 253952K, used 175714K [0x0000000080000000, 0x0000000100000000)
  region size 1024K, 110 young (112640K), 3 survivors (3072K)
 Metaspace       used 81943K, committed 82560K, reserved 1122304K
  class space    used 11035K, committed 11328K, reserved 1048576K
}
Event: 17.059 GC heap after
{Heap after GC invocations=34 (full 0):
 garbage-first heap   total 253952K, used 72959K [0x0000000080000000, 0x0000000100000000)
  region size 1024K, 10 young (10240K), 10 survivors (10240K)
 Metaspace       used 81943K, committed 82560K, reserved 1122304K
  class space    used 11035K, committed 11328K, reserved 1048576K
}
Event: 20.299 GC heap before
{Heap before GC invocations=34 (full 0):
 garbage-first heap   total 253952K, used 188671K [0x0000000080000000, 0x0000000100000000)
  region size 1024K, 123 young (125952K), 10 survivors (10240K)
 Metaspace       used 92834K, committed 93504K, reserved 1130496K
  class space    used 12591K, committed 12928K, reserved 1048576K
}
Event: 20.330 GC heap after
{Heap after GC invocations=35 (full 0):
 garbage-first heap   total 253952K, used 82792K [0x0000000080000000, 0x0000000100000000)
  region size 1024K, 16 young (16384K), 16 survivors (16384K)
 Metaspace       used 92834K, committed 93504K, reserved 1130496K
  class space    used 12591K, committed 12928K, reserved 1048576K
}

